2025-05-26 10:59:26,387 - 原始数据: [[ 0.    2.62]
 [ 1.    2.07]
 [ 2.    2.53]
 [ 3.    3.57]
 [ 4.    2.34]
 [ 5.    3.16]
 [ 6.    2.36]
 [ 7.    2.48]
 [ 8.    2.62]
 [ 9.    2.33]
 [10.    3.72]
 [11.    3.18]
 [12.    2.81]
 [13.    3.65]
 [14.    2.27]
 [15.    2.11]
 [16.    2.38]
 [17.    3.15]
 [18.    2.63]
 [19.    2.43]
 [20.    2.16]
 [21.    3.55]
 [22.    3.33]
 [23.    3.08]
 [24.    3.85]
 [25.    3.08]
 [26.    3.59]
 [27.    3.36]
 [28.    2.79]
 [29.    3.5 ]
 [30.    3.1 ]
 [31.    3.02]
 [32.    2.95]
 [33.    2.36]
 [34.    3.59]
 [35.    2.58]
 [36.    3.14]
 [37.    2.48]
 [38.    2.85]
 [39.    3.14]
 [40.    3.34]
 [41.    2.31]
 [42.    2.24]
 [43.    2.29]
 [44.    3.41]
 [45.    2.83]
 [46.    2.34]
 [47.    2.6 ]
 [48.    3.26]
 [49.    2.05]
 [50.    2.26]
 [51.    3.83]
 [52.    2.48]
 [53.    3.16]
 [54.    3.31]
 [55.    2.44]
 [56.    2.5 ]
 [57.    3.2 ]
 [58.    2.74]
 [59.    3.65]
 [60.    2.42]
 [61.    3.54]
 [62.    2.03]
 [63.    2.52]
 [64.    2.17]
 [65.    3.33]
 [66.    2.83]
 [67.    3.45]
 [68.    3.37]
 [69.    2.11]
 [70.    2.99]
 [71.    3.4 ]
 [72.    2.8 ]
 [73.    3.77]
 [74.    2.9 ]
 [75.    2.32]
 [76.    3.6 ]
 [77.    2.72]
 [78.    3.45]
 [79.    3.73]
 [80.    2.2 ]
 [81.    3.69]
 [82.    2.9 ]
 [83.    2.21]
 [84.    3.67]
 [85.    2.76]
 [86.    2.6 ]
 [87.    2.22]
 [88.    3.96]
 [89.    3.43]
 [90.    2.09]
 [91.    2.49]
 [92.    2.89]
 [93.    3.3 ]
 [94.    2.36]
 [95.    2.91]
 [96.    3.43]
 [97.    2.87]
 [98.    3.41]
 [99.    3.8 ]]
2025-05-26 10:59:26,387 - 降采样后的数据长度: 20
2025-05-26 10:59:26,388 - 降采样后的数据: [[ 0.    2.62]
 [ 3.    3.57]
 [ 9.    2.33]
 [13.    3.65]
 [20.    2.16]
 [26.    3.59]
 [33.    2.36]
 [40.    3.34]
 [43.    2.29]
 [51.    3.83]
 [55.    2.44]
 [59.    3.65]
 [64.    2.17]
 [73.    3.77]
 [75.    2.32]
 [79.    3.73]
 [87.    2.22]
 [89.    3.43]
 [94.    2.36]
 [99.    3.8 ]]
